# MODAL ANALYSIS REPORT

* 1. DOMAIN SIZE:
# This is the size of the problem: 1 for 1D problems, 2 for 2D problems, 3 for 3D problems.
3


* 2. EIGENVALUE ANALYSIS:
#          MODE        LAMBDA         OMEGA     FREQUENCY        PERIOD
# ------------- ------------- ------------- ------------- -------------
              1        1222.4       34.9628        5.5645      0.179711
              2       5225.33       72.2864       11.5047     0.0869207
              3       9002.83       94.8833       15.1011     0.0662202
              4       10257.6        101.28       16.1192     0.0620379
              5       22800.6       150.999       24.0322     0.0416108
              6       31879.6       178.549       28.4169     0.0351903


* 3. TOTAL MASS OF THE STRUCTURE:
# The total masses (translational and rotational) of the structure
# including the masses at fixed DOFs (if any).
#            MX            MY            MZ           RMX           RMY           RMZ
# ------------- ------------- ------------- ------------- ------------- -------------
        155.234       155.234       155.234    1.7504e+07   1.26458e+08   1.43955e+08


* 4. TOTAL FREE MASS OF THE STRUCTURE:
# The total masses (translational and rotational) of the structure
# including only the masses at free DOFs.
#            MX            MY            MZ           RMX           RMY           RMZ
# ------------- ------------- ------------- ------------- ------------- -------------
        139.218       139.218       139.218   1.52794e+07   9.04217e+07   1.05694e+08


* 5. CENTER OF MASS:
# The center of mass of the structure, calculated from free masses.
#             X             Y             Z
# ------------- ------------- -------------
        1508.98       495.211  -3.50169e-05


* 6. MODAL PARTICIPATION FACTORS:
# The participation factor for a certain mode 'a' in a certain direction 'i'
# indicates how strongly displacement along (or rotation about)
# the global axes is represented in the eigenvector of that mode.
#          MODE            MX            MY            MZ           RMX           RMY           RMZ
# ------------- ------------- ------------- ------------- ------------- ------------- -------------
              1   9.78512e-06   -0.00104587      -1.33167       2.46112        16.088      0.132994
              2   -0.00028185  -0.000224805     0.0128437       646.311      -10.9483     -0.503718
              3  -8.71272e-05     0.0229239     0.0122241      -4.51075         906.3     -0.496483
              4    -0.0034415      -1.26979   0.000797571     -0.108263       14.3936      -13.3111
              5  -0.000241491    0.00207989    -0.0676674       19.0015      -8.05482     -0.012635
              6  -0.000791381   0.000194533      0.635693      -6.01974       14.5862      -1.66542


* 7. MODAL PARTICIPATION MASSES:
# The modal participation masses for each mode.
#          MODE            MX            MY            MZ           RMX           RMY           RMZ
# ------------- ------------- ------------- ------------- ------------- ------------- -------------
              1             0   6.41081e-05       103.933       354.999       15169.4       1.03663
              2             0             0    0.00489836   1.24039e+07       3559.33       7.53438
              3             0     0.0319257    0.00907809       1236.12   4.99008e+07       14.9752
              4   0.000795255       108.262             0      0.786987       13910.8         11897
              5             0    0.00012584      0.133198       10503.1       1887.34    0.00464396
              6             0             0       20.2781       1818.39       10676.2       139.181


* 8. MODAL PARTICIPATION MASSES (cumulative):
# The cumulative modal participation masses for each mode.
#          MODE            MX            MY            MZ           RMX           RMY           RMZ
# ------------- ------------- ------------- ------------- ------------- ------------- -------------
              1             0   6.41081e-05       103.933       354.999       15169.4       1.03663
              2             0   6.56088e-05       103.938   1.24042e+07       18728.7       8.57101
              3             0     0.0319914       103.947   1.24054e+07   4.99195e+07       23.5462
              4    0.00079808       108.294       103.947   1.24055e+07   4.99334e+07       11920.6
              5   0.000799777       108.294        104.08    1.2416e+07   4.99353e+07       11920.6
              6   0.000831204       108.294       124.358   1.24178e+07    4.9946e+07       12059.8


* 9. MODAL PARTICIPATION MASS RATIOS (%):
# The modal participation mass ratios (%) for each mode.
#          MODE            MX            MY            MZ           RMX           RMY           RMZ
# ------------- ------------- ------------- ------------- ------------- ------------- -------------
              1   4.03085e-09   4.60486e-05       74.6546    0.00232338     0.0167763   9.80781e-07
              2   1.69439e-06   1.07792e-06    0.00351847       81.1802    0.00393636   7.12845e-06
              3   3.31264e-07     0.0229321    0.00652075    0.00809013       55.1867   1.41684e-05
              4   0.000571228        77.764   3.06798e-05   5.15064e-06     0.0153843     0.0112561
              5   1.21855e-06   9.03905e-05     0.0956753       0.06874    0.00208726   4.39376e-09
              6   2.25739e-05   1.36402e-06       14.5656     0.0119009     0.0118071   0.000131682


* 10. MODAL PARTICIPATION MASS RATIOS (%) (cumulative):
# The cumulative modal participation mass ratios (%) for each mode.
#          MODE            MX            MY            MZ           RMX           RMY           RMZ
# ------------- ------------- ------------- ------------- ------------- ------------- -------------
              1   4.03085e-09   4.60486e-05       74.6546    0.00232338     0.0167763   9.80781e-07
              2   1.69842e-06   4.71265e-05       74.6581       81.1826     0.0207126   8.10923e-06
              3   2.02969e-06     0.0229793       74.6647       81.1907       55.2075   2.22776e-05
              4   0.000573258       77.7869       74.6647       81.1907       55.2228     0.0112783
              5   0.000574476        77.787       74.7604       81.2594       55.2249     0.0112784
              6    0.00059705        77.787        89.326       81.2713       55.2367       0.01141


